{
  "/Users/yashrangucha/webapp/src/common/components/DataTable/ScrollableTable.jsx": {
    "path": "/Users/yashrangucha/webapp/src/common/components/DataTable/ScrollableTable.jsx",
    "statementMap": {
      "0": {
        "start": { "line": 20, "column": 24 },
        "end": { "line": 174, "column": 1 }
      },
      "1": {
        "start": { "line": 32, "column": 21 },
        "end": { "line": 32, "column": 33 }
      },
      "2": {
        "start": { "line": 33, "column": 46 },
        "end": { "line": 33, "column": 61 }
      },
      "3": {
        "start": { "line": 40, "column": 29 },
        "end": { "line": 45, "column": 5 }
      },
      "4": {
        "start": { "line": 41, "column": 8 },
        "end": { "line": 43, "column": 9 }
      },
      "5": {
        "start": { "line": 42, "column": 12 },
        "end": { "line": 42, "column": 68 }
      },
      "6": {
        "start": { "line": 44, "column": 8 },
        "end": { "line": 44, "column": 18 }
      },
      "7": {
        "start": { "line": 51, "column": 25 },
        "end": { "line": 63, "column": 44 }
      },
      "8": {
        "start": { "line": 52, "column": 8 },
        "end": { "line": 52, "column": 82 }
      },
      "9": {
        "start": { "line": 52, "column": 75 },
        "end": { "line": 52, "column": 82 }
      },
      "10": {
        "start": { "line": 54, "column": 58 },
        "end": { "line": 54, "column": 74 }
      },
      "11": {
        "start": { "line": 55, "column": 26 },
        "end": { "line": 55, "column": 29 }
      },
      "12": {
        "start": { "line": 57, "column": 8 },
        "end": { "line": 62, "column": 9 }
      },
      "13": {
        "start": { "line": 58, "column": 12 },
        "end": { "line": 58, "column": 35 }
      },
      "14": {
        "start": { "line": 59, "column": 12 },
        "end": { "line": 61, "column": 15 }
      },
      "15": {
        "start": { "line": 60, "column": 16 },
        "end": { "line": 60, "column": 40 }
      },
      "16": {
        "start": { "line": 65, "column": 4 },
        "end": { "line": 71, "column": 23 }
      },
      "17": {
        "start": { "line": 66, "column": 29 },
        "end": { "line": 66, "column": 45 }
      },
      "18": {
        "start": { "line": 67, "column": 8 },
        "end": { "line": 70, "column": 9 }
      },
      "19": {
        "start": { "line": 68, "column": 12 },
        "end": { "line": 68, "column": 66 }
      },
      "20": {
        "start": { "line": 69, "column": 12 },
        "end": { "line": 69, "column": 82 }
      },
      "21": {
        "start": { "line": 69, "column": 25 },
        "end": { "line": 69, "column": 81 }
      },
      "22": {
        "start": { "line": 73, "column": 4 },
        "end": { "line": 173, "column": 6 }
      },
      "23": {
        "start": { "line": 87, "column": 32 },
        "end": { "line": 104, "column": 37 }
      },
      "24": {
        "start": { "line": 94, "column": 55 },
        "end": { "line": 94, "column": 71 }
      },
      "25": {
        "start": { "line": 113, "column": 28 },
        "end": { "line": 133, "column": 33 }
      },
      "26": {
        "start": { "line": 115, "column": 36 },
        "end": { "line": 131, "column": 41 }
      }
    },
    "fnMap": {
      "0": {
        "name": "(anonymous_0)",
        "decl": {
          "start": { "line": 20, "column": 24 },
          "end": { "line": 20, "column": 25 }
        },
        "loc": {
          "start": { "line": 31, "column": 6 },
          "end": { "line": 174, "column": 1 }
        },
        "line": 31
      },
      "1": {
        "name": "(anonymous_1)",
        "decl": {
          "start": { "line": 40, "column": 29 },
          "end": { "line": 40, "column": 30 }
        },
        "loc": {
          "start": { "line": 40, "column": 38 },
          "end": { "line": 45, "column": 5 }
        },
        "line": 40
      },
      "2": {
        "name": "(anonymous_2)",
        "decl": {
          "start": { "line": 51, "column": 37 },
          "end": { "line": 51, "column": 38 }
        },
        "loc": {
          "start": { "line": 51, "column": 43 },
          "end": { "line": 63, "column": 5 }
        },
        "line": 51
      },
      "3": {
        "name": "(anonymous_3)",
        "decl": {
          "start": { "line": 59, "column": 33 },
          "end": { "line": 59, "column": 34 }
        },
        "loc": {
          "start": { "line": 59, "column": 39 },
          "end": { "line": 61, "column": 13 }
        },
        "line": 59
      },
      "4": {
        "name": "(anonymous_4)",
        "decl": {
          "start": { "line": 65, "column": 14 },
          "end": { "line": 65, "column": 15 }
        },
        "loc": {
          "start": { "line": 65, "column": 20 },
          "end": { "line": 71, "column": 5 }
        },
        "line": 65
      },
      "5": {
        "name": "(anonymous_5)",
        "decl": {
          "start": { "line": 69, "column": 19 },
          "end": { "line": 69, "column": 20 }
        },
        "loc": {
          "start": { "line": 69, "column": 25 },
          "end": { "line": 69, "column": 81 }
        },
        "line": 69
      },
      "6": {
        "name": "(anonymous_6)",
        "decl": {
          "start": { "line": 86, "column": 41 },
          "end": { "line": 86, "column": 42 }
        },
        "loc": {
          "start": { "line": 87, "column": 32 },
          "end": { "line": 104, "column": 37 }
        },
        "line": 87
      },
      "7": {
        "name": "(anonymous_7)",
        "decl": {
          "start": { "line": 94, "column": 49 },
          "end": { "line": 94, "column": 50 }
        },
        "loc": {
          "start": { "line": 94, "column": 55 },
          "end": { "line": 94, "column": 71 }
        },
        "line": 94
      },
      "8": {
        "name": "(anonymous_8)",
        "decl": {
          "start": { "line": 112, "column": 34 },
          "end": { "line": 112, "column": 35 }
        },
        "loc": {
          "start": { "line": 113, "column": 28 },
          "end": { "line": 133, "column": 33 }
        },
        "line": 113
      },
      "9": {
        "name": "(anonymous_9)",
        "decl": {
          "start": { "line": 114, "column": 45 },
          "end": { "line": 114, "column": 46 }
        },
        "loc": {
          "start": { "line": 115, "column": 36 },
          "end": { "line": 131, "column": 41 }
        },
        "line": 115
      }
    },
    "branchMap": {
      "0": {
        "loc": {
          "start": { "line": 26, "column": 4 },
          "end": { "line": 26, "column": 28 }
        },
        "type": "default-arg",
        "locations": [
          {
            "start": { "line": 26, "column": 19 },
            "end": { "line": 26, "column": 28 }
          }
        ],
        "line": 26
      },
      "1": {
        "loc": {
          "start": { "line": 41, "column": 8 },
          "end": { "line": 43, "column": 9 }
        },
        "type": "if",
        "locations": [
          {
            "start": { "line": 41, "column": 8 },
            "end": { "line": 43, "column": 9 }
          },
          { "start": {}, "end": {} }
        ],
        "line": 41
      },
      "2": {
        "loc": {
          "start": { "line": 42, "column": 19 },
          "end": { "line": 42, "column": 67 }
        },
        "type": "cond-expr",
        "locations": [
          {
            "start": { "line": 42, "column": 58 },
            "end": { "line": 42, "column": 61 }
          },
          {
            "start": { "line": 42, "column": 64 },
            "end": { "line": 42, "column": 67 }
          }
        ],
        "line": 42
      },
      "3": {
        "loc": {
          "start": { "line": 52, "column": 8 },
          "end": { "line": 52, "column": 82 }
        },
        "type": "if",
        "locations": [
          {
            "start": { "line": 52, "column": 8 },
            "end": { "line": 52, "column": 82 }
          },
          { "start": {}, "end": {} }
        ],
        "line": 52
      },
      "4": {
        "loc": {
          "start": { "line": 52, "column": 12 },
          "end": { "line": 52, "column": 73 }
        },
        "type": "binary-expr",
        "locations": [
          {
            "start": { "line": 52, "column": 12 },
            "end": { "line": 52, "column": 29 }
          },
          {
            "start": { "line": 52, "column": 33 },
            "end": { "line": 52, "column": 46 }
          },
          {
            "start": { "line": 52, "column": 50 },
            "end": { "line": 52, "column": 58 }
          },
          {
            "start": { "line": 52, "column": 62 },
            "end": { "line": 52, "column": 73 }
          }
        ],
        "line": 52
      },
      "5": {
        "loc": {
          "start": { "line": 57, "column": 8 },
          "end": { "line": 62, "column": 9 }
        },
        "type": "if",
        "locations": [
          {
            "start": { "line": 57, "column": 8 },
            "end": { "line": 62, "column": 9 }
          },
          { "start": {}, "end": {} }
        ],
        "line": 57
      },
      "6": {
        "loc": {
          "start": { "line": 67, "column": 8 },
          "end": { "line": 70, "column": 9 }
        },
        "type": "if",
        "locations": [
          {
            "start": { "line": 67, "column": 8 },
            "end": { "line": 70, "column": 9 }
          },
          { "start": {}, "end": {} }
        ],
        "line": 67
      },
      "7": {
        "loc": {
          "start": { "line": 120, "column": 41 },
          "end": { "line": 130, "column": 41 }
        },
        "type": "cond-expr",
        "locations": [
          {
            "start": { "line": 121, "column": 44 },
            "end": { "line": 127, "column": 51 }
          },
          {
            "start": { "line": 129, "column": 44 },
            "end": { "line": 129, "column": 100 }
          }
        ],
        "line": 120
      },
      "8": {
        "loc": {
          "start": { "line": 124, "column": 55 },
          "end": { "line": 124, "column": 96 }
        },
        "type": "cond-expr",
        "locations": [
          {
            "start": { "line": 124, "column": 70 },
            "end": { "line": 124, "column": 91 }
          },
          {
            "start": { "line": 124, "column": 94 },
            "end": { "line": 124, "column": 96 }
          }
        ],
        "line": 124
      },
      "9": {
        "loc": {
          "start": { "line": 139, "column": 17 },
          "end": { "line": 146, "column": 17 }
        },
        "type": "binary-expr",
        "locations": [
          {
            "start": { "line": 139, "column": 18 },
            "end": { "line": 139, "column": 27 }
          },
          {
            "start": { "line": 139, "column": 31 },
            "end": { "line": 139, "column": 44 }
          },
          {
            "start": { "line": 140, "column": 20 },
            "end": { "line": 145, "column": 26 }
          }
        ],
        "line": 139
      },
      "10": {
        "loc": {
          "start": { "line": 143, "column": 29 },
          "end": { "line": 143, "column": 77 }
        },
        "type": "cond-expr",
        "locations": [
          {
            "start": { "line": 143, "column": 45 },
            "end": { "line": 143, "column": 62 }
          },
          {
            "start": { "line": 143, "column": 65 },
            "end": { "line": 143, "column": 77 }
          }
        ],
        "line": 143
      },
      "11": {
        "loc": {
          "start": { "line": 149, "column": 17 },
          "end": { "line": 153, "column": 17 }
        },
        "type": "binary-expr",
        "locations": [
          {
            "start": { "line": 149, "column": 17 },
            "end": { "line": 149, "column": 25 }
          },
          {
            "start": { "line": 149, "column": 29 },
            "end": { "line": 149, "column": 44 }
          },
          {
            "start": { "line": 150, "column": 20 },
            "end": { "line": 152, "column": 26 }
          }
        ],
        "line": 149
      },
      "12": {
        "loc": {
          "start": { "line": 156, "column": 17 },
          "end": { "line": 163, "column": 17 }
        },
        "type": "binary-expr",
        "locations": [
          {
            "start": { "line": 156, "column": 17 },
            "end": { "line": 156, "column": 27 }
          },
          {
            "start": { "line": 156, "column": 31 },
            "end": { "line": 156, "column": 48 }
          },
          {
            "start": { "line": 157, "column": 20 },
            "end": { "line": 162, "column": 26 }
          }
        ],
        "line": 156
      },
      "13": {
        "loc": {
          "start": { "line": 167, "column": 13 },
          "end": { "line": 171, "column": 13 }
        },
        "type": "binary-expr",
        "locations": [
          {
            "start": { "line": 167, "column": 13 },
            "end": { "line": 167, "column": 28 }
          },
          {
            "start": { "line": 168, "column": 16 },
            "end": { "line": 170, "column": 22 }
          }
        ],
        "line": 167
      },
      "14": {
        "loc": {
          "start": { "line": 169, "column": 46 },
          "end": { "line": 169, "column": 70 }
        },
        "type": "binary-expr",
        "locations": [
          {
            "start": { "line": 169, "column": 46 },
            "end": { "line": 169, "column": 55 }
          },
          {
            "start": { "line": 169, "column": 59 },
            "end": { "line": 169, "column": 70 }
          }
        ],
        "line": 169
      }
    },
    "s": {
      "0": 1,
      "1": 0,
      "2": 0,
      "3": 0,
      "4": 0,
      "5": 0,
      "6": 0,
      "7": 0,
      "8": 0,
      "9": 0,
      "10": 0,
      "11": 0,
      "12": 0,
      "13": 0,
      "14": 0,
      "15": 0,
      "16": 0,
      "17": 0,
      "18": 0,
      "19": 0,
      "20": 0,
      "21": 0,
      "22": 0,
      "23": 0,
      "24": 0,
      "25": 0,
      "26": 0
    },
    "f": {
      "0": 0,
      "1": 0,
      "2": 0,
      "3": 0,
      "4": 0,
      "5": 0,
      "6": 0,
      "7": 0,
      "8": 0,
      "9": 0
    },
    "b": {
      "0": [0],
      "1": [0, 0],
      "2": [0, 0],
      "3": [0, 0],
      "4": [0, 0, 0, 0],
      "5": [0, 0],
      "6": [0, 0],
      "7": [0, 0],
      "8": [0, 0],
      "9": [0, 0, 0],
      "10": [0, 0],
      "11": [0, 0, 0],
      "12": [0, 0, 0],
      "13": [0, 0],
      "14": [0, 0]
    },
    "_coverageSchema": "1a1c01bbd47fc00a2c39e90264f33305004495a9",
    "hash": "b7d5fadbe69149d3cb2910488fd3c00b3df2f0fe"
  },
  "/Users/yashrangucha/webapp/src/hooks/useScrollableData.jsx": {
    "path": "/Users/yashrangucha/webapp/src/hooks/useScrollableData.jsx",
    "statementMap": {
      "0": {
        "start": { "line": 9, "column": 26 },
        "end": { "line": 92, "column": 1 }
      },
      "1": {
        "start": { "line": 10, "column": 28 },
        "end": { "line": 10, "column": 40 }
      },
      "2": {
        "start": { "line": 11, "column": 38 },
        "end": { "line": 11, "column": 53 }
      },
      "3": {
        "start": { "line": 12, "column": 34 },
        "end": { "line": 12, "column": 48 }
      },
      "4": {
        "start": { "line": 13, "column": 42 },
        "end": { "line": 13, "column": 53 }
      },
      "5": {
        "start": { "line": 14, "column": 38 },
        "end": { "line": 14, "column": 49 }
      },
      "6": {
        "start": { "line": 15, "column": 30 },
        "end": { "line": 15, "column": 44 }
      },
      "7": {
        "start": { "line": 18, "column": 27 },
        "end": { "line": 36, "column": 31 }
      },
      "8": {
        "start": { "line": 19, "column": 24 },
        "end": { "line": 19, "column": 130 }
      },
      "9": {
        "start": { "line": 20, "column": 28 },
        "end": { "line": 20, "column": 62 }
      },
      "10": {
        "start": { "line": 22, "column": 8 },
        "end": { "line": 35, "column": 9 }
      },
      "11": {
        "start": { "line": 23, "column": 12 },
        "end": { "line": 23, "column": 34 }
      },
      "12": {
        "start": { "line": 24, "column": 15 },
        "end": { "line": 35, "column": 9 }
      },
      "13": {
        "start": { "line": 25, "column": 12 },
        "end": { "line": 27, "column": 13 }
      },
      "14": {
        "start": { "line": 26, "column": 16 },
        "end": { "line": 26, "column": 42 }
      },
      "15": {
        "start": { "line": 28, "column": 12 },
        "end": { "line": 28, "column": 33 }
      },
      "16": {
        "start": { "line": 31, "column": 12 },
        "end": { "line": 33, "column": 13 }
      },
      "17": {
        "start": { "line": 32, "column": 16 },
        "end": { "line": 32, "column": 37 }
      },
      "18": {
        "start": { "line": 34, "column": 12 },
        "end": { "line": 34, "column": 37 }
      },
      "19": {
        "start": { "line": 39, "column": 22 },
        "end": { "line": 66, "column": 24 }
      },
      "20": {
        "start": { "line": 40, "column": 8 },
        "end": { "line": 65, "column": 9 }
      },
      "21": {
        "start": { "line": 41, "column": 12 },
        "end": { "line": 41, "column": 31 }
      },
      "22": {
        "start": { "line": 42, "column": 12 },
        "end": { "line": 42, "column": 27 }
      },
      "23": {
        "start": { "line": 44, "column": 32 },
        "end": { "line": 44, "column": 48 }
      },
      "24": {
        "start": { "line": 45, "column": 29 },
        "end": { "line": 45, "column": 56 }
      },
      "25": {
        "start": { "line": 47, "column": 12 },
        "end": { "line": 52, "column": 13 }
      },
      "26": {
        "start": { "line": 48, "column": 16 },
        "end": { "line": 48, "column": 77 }
      },
      "27": {
        "start": { "line": 48, "column": 36 },
        "end": { "line": 48, "column": 75 }
      },
      "28": {
        "start": { "line": 50, "column": 16 },
        "end": { "line": 50, "column": 45 }
      },
      "29": {
        "start": { "line": 51, "column": 16 },
        "end": { "line": 51, "column": 34 }
      },
      "30": {
        "start": { "line": 54, "column": 12 },
        "end": { "line": 54, "column": 76 }
      },
      "31": {
        "start": { "line": 55, "column": 12 },
        "end": { "line": 55, "column": 75 }
      },
      "32": {
        "start": { "line": 57, "column": 12 },
        "end": { "line": 59, "column": 13 }
      },
      "33": {
        "start": { "line": 58, "column": 16 },
        "end": { "line": 58, "column": 37 }
      },
      "34": {
        "start": { "line": 61, "column": 12 },
        "end": { "line": 61, "column": 55 }
      },
      "35": {
        "start": { "line": 62, "column": 12 },
        "end": { "line": 62, "column": 34 }
      },
      "36": {
        "start": { "line": 64, "column": 12 },
        "end": { "line": 64, "column": 32 }
      },
      "37": {
        "start": { "line": 69, "column": 21 },
        "end": { "line": 73, "column": 52 }
      },
      "38": {
        "start": { "line": 70, "column": 8 },
        "end": { "line": 72, "column": 9 }
      },
      "39": {
        "start": { "line": 71, "column": 12 },
        "end": { "line": 71, "column": 51 }
      },
      "40": {
        "start": { "line": 76, "column": 4 },
        "end": { "line": 81, "column": 32 }
      },
      "41": {
        "start": { "line": 77, "column": 8 },
        "end": { "line": 77, "column": 20 }
      },
      "42": {
        "start": { "line": 78, "column": 8 },
        "end": { "line": 78, "column": 26 }
      },
      "43": {
        "start": { "line": 79, "column": 8 },
        "end": { "line": 79, "column": 25 }
      },
      "44": {
        "start": { "line": 80, "column": 8 },
        "end": { "line": 80, "column": 28 }
      },
      "45": {
        "start": { "line": 83, "column": 4 },
        "end": { "line": 91, "column": 6 }
      },
      "46": {
        "start": { "line": 90, "column": 23 },
        "end": { "line": 90, "column": 42 }
      }
    },
    "fnMap": {
      "0": {
        "name": "(anonymous_0)",
        "decl": {
          "start": { "line": 9, "column": 26 },
          "end": { "line": 9, "column": 27 }
        },
        "loc": {
          "start": { "line": 9, "column": 95 },
          "end": { "line": 92, "column": 1 }
        },
        "line": 9
      },
      "1": {
        "name": "(anonymous_1)",
        "decl": {
          "start": { "line": 18, "column": 39 },
          "end": { "line": 18, "column": 40 }
        },
        "loc": {
          "start": { "line": 18, "column": 45 },
          "end": { "line": 36, "column": 5 }
        },
        "line": 18
      },
      "2": {
        "name": "(anonymous_2)",
        "decl": {
          "start": { "line": 39, "column": 34 },
          "end": { "line": 39, "column": 35 }
        },
        "loc": {
          "start": { "line": 39, "column": 70 },
          "end": { "line": 66, "column": 5 }
        },
        "line": 39
      },
      "3": {
        "name": "(anonymous_3)",
        "decl": {
          "start": { "line": 48, "column": 24 },
          "end": { "line": 48, "column": 25 }
        },
        "loc": {
          "start": { "line": 48, "column": 36 },
          "end": { "line": 48, "column": 75 }
        },
        "line": 48
      },
      "4": {
        "name": "(anonymous_4)",
        "decl": {
          "start": { "line": 69, "column": 33 },
          "end": { "line": 69, "column": 34 }
        },
        "loc": {
          "start": { "line": 69, "column": 45 },
          "end": { "line": 73, "column": 5 }
        },
        "line": 69
      },
      "5": {
        "name": "(anonymous_5)",
        "decl": {
          "start": { "line": 76, "column": 14 },
          "end": { "line": 76, "column": 15 }
        },
        "loc": {
          "start": { "line": 76, "column": 20 },
          "end": { "line": 81, "column": 5 }
        },
        "line": 76
      },
      "6": {
        "name": "(anonymous_6)",
        "decl": {
          "start": { "line": 90, "column": 17 },
          "end": { "line": 90, "column": 18 }
        },
        "loc": {
          "start": { "line": 90, "column": 23 },
          "end": { "line": 90, "column": 42 }
        },
        "line": 90
      }
    },
    "branchMap": {
      "0": {
        "loc": {
          "start": { "line": 19, "column": 24 },
          "end": { "line": 19, "column": 130 }
        },
        "type": "binary-expr",
        "locations": [
          {
            "start": { "line": 19, "column": 24 },
            "end": { "line": 19, "column": 60 }
          },
          {
            "start": { "line": 19, "column": 64 },
            "end": { "line": 19, "column": 94 }
          },
          {
            "start": { "line": 19, "column": 98 },
            "end": { "line": 19, "column": 130 }
          }
        ],
        "line": 19
      },
      "1": {
        "loc": {
          "start": { "line": 22, "column": 8 },
          "end": { "line": 35, "column": 9 }
        },
        "type": "if",
        "locations": [
          {
            "start": { "line": 22, "column": 8 },
            "end": { "line": 35, "column": 9 }
          },
          {
            "start": { "line": 24, "column": 15 },
            "end": { "line": 35, "column": 9 }
          }
        ],
        "line": 22
      },
      "2": {
        "loc": {
          "start": { "line": 24, "column": 15 },
          "end": { "line": 35, "column": 9 }
        },
        "type": "if",
        "locations": [
          {
            "start": { "line": 24, "column": 15 },
            "end": { "line": 35, "column": 9 }
          },
          {
            "start": { "line": 29, "column": 15 },
            "end": { "line": 35, "column": 9 }
          }
        ],
        "line": 24
      },
      "3": {
        "loc": {
          "start": { "line": 25, "column": 12 },
          "end": { "line": 27, "column": 13 }
        },
        "type": "if",
        "locations": [
          {
            "start": { "line": 25, "column": 12 },
            "end": { "line": 27, "column": 13 }
          },
          { "start": {}, "end": {} }
        ],
        "line": 25
      },
      "4": {
        "loc": {
          "start": { "line": 31, "column": 12 },
          "end": { "line": 33, "column": 13 }
        },
        "type": "if",
        "locations": [
          {
            "start": { "line": 31, "column": 12 },
            "end": { "line": 33, "column": 13 }
          },
          { "start": {}, "end": {} }
        ],
        "line": 31
      },
      "5": {
        "loc": {
          "start": { "line": 39, "column": 41 },
          "end": { "line": 39, "column": 49 }
        },
        "type": "default-arg",
        "locations": [
          {
            "start": { "line": 39, "column": 48 },
            "end": { "line": 39, "column": 49 }
          }
        ],
        "line": 39
      },
      "6": {
        "loc": {
          "start": { "line": 39, "column": 51 },
          "end": { "line": 39, "column": 65 }
        },
        "type": "default-arg",
        "locations": [
          {
            "start": { "line": 39, "column": 60 },
            "end": { "line": 39, "column": 65 }
          }
        ],
        "line": 39
      },
      "7": {
        "loc": {
          "start": { "line": 47, "column": 12 },
          "end": { "line": 52, "column": 13 }
        },
        "type": "if",
        "locations": [
          {
            "start": { "line": 47, "column": 12 },
            "end": { "line": 52, "column": 13 }
          },
          {
            "start": { "line": 49, "column": 19 },
            "end": { "line": 52, "column": 13 }
          }
        ],
        "line": 47
      },
      "8": {
        "loc": {
          "start": { "line": 48, "column": 54 },
          "end": { "line": 48, "column": 73 }
        },
        "type": "binary-expr",
        "locations": [
          {
            "start": { "line": 48, "column": 54 },
            "end": { "line": 48, "column": 67 }
          },
          {
            "start": { "line": 48, "column": 71 },
            "end": { "line": 48, "column": 73 }
          }
        ],
        "line": 48
      },
      "9": {
        "loc": {
          "start": { "line": 50, "column": 24 },
          "end": { "line": 50, "column": 43 }
        },
        "type": "binary-expr",
        "locations": [
          {
            "start": { "line": 50, "column": 24 },
            "end": { "line": 50, "column": 37 }
          },
          {
            "start": { "line": 50, "column": 41 },
            "end": { "line": 50, "column": 43 }
          }
        ],
        "line": 50
      },
      "10": {
        "loc": {
          "start": { "line": 54, "column": 25 },
          "end": { "line": 54, "column": 74 }
        },
        "type": "binary-expr",
        "locations": [
          {
            "start": { "line": 54, "column": 25 },
            "end": { "line": 54, "column": 44 }
          },
          {
            "start": { "line": 54, "column": 48 },
            "end": { "line": 54, "column": 69 }
          },
          {
            "start": { "line": 54, "column": 73 },
            "end": { "line": 54, "column": 74 }
          }
        ],
        "line": 54
      },
      "11": {
        "loc": {
          "start": { "line": 55, "column": 23 },
          "end": { "line": 55, "column": 73 }
        },
        "type": "binary-expr",
        "locations": [
          {
            "start": { "line": 55, "column": 23 },
            "end": { "line": 55, "column": 39 }
          },
          {
            "start": { "line": 55, "column": 44 },
            "end": { "line": 55, "column": 72 }
          }
        ],
        "line": 55
      },
      "12": {
        "loc": {
          "start": { "line": 57, "column": 12 },
          "end": { "line": 59, "column": 13 }
        },
        "type": "if",
        "locations": [
          {
            "start": { "line": 57, "column": 12 },
            "end": { "line": 59, "column": 13 }
          },
          { "start": {}, "end": {} }
        ],
        "line": 57
      },
      "13": {
        "loc": {
          "start": { "line": 70, "column": 8 },
          "end": { "line": 72, "column": 9 }
        },
        "type": "if",
        "locations": [
          {
            "start": { "line": 70, "column": 8 },
            "end": { "line": 72, "column": 9 }
          },
          { "start": {}, "end": {} }
        ],
        "line": 70
      },
      "14": {
        "loc": {
          "start": { "line": 70, "column": 12 },
          "end": { "line": 70, "column": 33 }
        },
        "type": "binary-expr",
        "locations": [
          {
            "start": { "line": 70, "column": 12 },
            "end": { "line": 70, "column": 22 }
          },
          {
            "start": { "line": 70, "column": 26 },
            "end": { "line": 70, "column": 33 }
          }
        ],
        "line": 70
      }
    },
    "s": {
      "0": 1,
      "1": 12,
      "2": 12,
      "3": 12,
      "4": 12,
      "5": 12,
      "6": 12,
      "7": 12,
      "8": 4,
      "9": 4,
      "10": 4,
      "11": 1,
      "12": 3,
      "13": 3,
      "14": 1,
      "15": 2,
      "16": 0,
      "17": 0,
      "18": 0,
      "19": 12,
      "20": 4,
      "21": 4,
      "22": 4,
      "23": 4,
      "24": 4,
      "25": 3,
      "26": 0,
      "27": 0,
      "28": 3,
      "29": 3,
      "30": 3,
      "31": 3,
      "32": 3,
      "33": 0,
      "34": 1,
      "35": 1,
      "36": 4,
      "37": 12,
      "38": 0,
      "39": 0,
      "40": 12,
      "41": 4,
      "42": 4,
      "43": 4,
      "44": 4,
      "45": 12,
      "46": 0
    },
    "f": { "0": 12, "1": 4, "2": 4, "3": 0, "4": 0, "5": 4, "6": 0 },
    "b": {
      "0": [4, 3, 3],
      "1": [1, 3],
      "2": [3, 0],
      "3": [1, 2],
      "4": [0, 0],
      "5": [0],
      "6": [0],
      "7": [0, 3],
      "8": [0, 0],
      "9": [3, 0],
      "10": [3, 0, 0],
      "11": [3, 3],
      "12": [0, 3],
      "13": [0, 0],
      "14": [0, 0]
    },
    "_coverageSchema": "1a1c01bbd47fc00a2c39e90264f33305004495a9",
    "hash": "3ac5ce886888e76d8cd14f1aa887d6b5fdb24d6b"
  },
  "/Users/yashrangucha/webapp/src/services/api.js": {
    "path": "/Users/yashrangucha/webapp/src/services/api.js",
    "statementMap": {
      "0": {
        "start": { "line": 6, "column": 12 },
        "end": { "line": 14, "column": 2 }
      },
      "1": {
        "start": { "line": 16, "column": 17 },
        "end": { "line": 24, "column": 1 }
      },
      "2": {
        "start": { "line": 17, "column": 2 },
        "end": { "line": 23, "column": 3 }
      },
      "3": {
        "start": { "line": 18, "column": 20 },
        "end": { "line": 18, "column": 44 }
      },
      "4": {
        "start": { "line": 19, "column": 4 },
        "end": { "line": 19, "column": 48 }
      },
      "5": {
        "start": { "line": 21, "column": 4 },
        "end": { "line": 21, "column": 48 }
      },
      "6": {
        "start": { "line": 22, "column": 4 },
        "end": { "line": 22, "column": 16 }
      },
      "7": {
        "start": { "line": 26, "column": 0 },
        "end": { "line": 35, "column": 2 }
      },
      "8": {
        "start": { "line": 28, "column": 18 },
        "end": { "line": 28, "column": 34 }
      },
      "9": {
        "start": { "line": 29, "column": 4 },
        "end": { "line": 31, "column": 5 }
      },
      "10": {
        "start": { "line": 30, "column": 6 },
        "end": { "line": 30, "column": 48 }
      },
      "11": {
        "start": { "line": 32, "column": 4 },
        "end": { "line": 32, "column": 18 }
      },
      "12": {
        "start": { "line": 34, "column": 13 },
        "end": { "line": 34, "column": 34 }
      },
      "13": {
        "start": { "line": 37, "column": 19 },
        "end": { "line": 37, "column": 24 }
      },
      "14": {
        "start": { "line": 38, "column": 25 },
        "end": { "line": 38, "column": 27 }
      },
      "15": {
        "start": { "line": 40, "column": 0 },
        "end": { "line": 85, "column": 2 }
      },
      "16": {
        "start": { "line": 41, "column": 16 },
        "end": { "line": 41, "column": 24 }
      },
      "17": {
        "start": { "line": 43, "column": 28 },
        "end": { "line": 43, "column": 40 }
      },
      "18": {
        "start": { "line": 44, "column": 4 },
        "end": { "line": 82, "column": 5 }
      },
      "19": {
        "start": { "line": 49, "column": 6 },
        "end": { "line": 58, "column": 7 }
      },
      "20": {
        "start": { "line": 50, "column": 8 },
        "end": { "line": 57, "column": 49 }
      },
      "21": {
        "start": { "line": 51, "column": 10 },
        "end": { "line": 51, "column": 55 }
      },
      "22": {
        "start": { "line": 54, "column": 12 },
        "end": { "line": 54, "column": 63 }
      },
      "23": {
        "start": { "line": 55, "column": 12 },
        "end": { "line": 55, "column": 48 }
      },
      "24": {
        "start": { "line": 57, "column": 26 },
        "end": { "line": 57, "column": 47 }
      },
      "25": {
        "start": { "line": 60, "column": 6 },
        "end": { "line": 60, "column": 36 }
      },
      "26": {
        "start": { "line": 61, "column": 6 },
        "end": { "line": 61, "column": 26 }
      },
      "27": {
        "start": { "line": 62, "column": 6 },
        "end": { "line": 81, "column": 7 }
      },
      "28": {
        "start": { "line": 63, "column": 25 },
        "end": { "line": 63, "column": 41 }
      },
      "29": {
        "start": { "line": 64, "column": 8 },
        "end": { "line": 68, "column": 9 }
      },
      "30": {
        "start": { "line": 65, "column": 10 },
        "end": { "line": 65, "column": 63 }
      },
      "31": {
        "start": { "line": 66, "column": 10 },
        "end": { "line": 66, "column": 42 }
      },
      "32": {
        "start": { "line": 67, "column": 10 },
        "end": { "line": 67, "column": 39 }
      },
      "33": {
        "start": { "line": 69, "column": 8 },
        "end": { "line": 69, "column": 63 }
      },
      "34": {
        "start": { "line": 69, "column": 42 },
        "end": { "line": 69, "column": 61 }
      },
      "35": {
        "start": { "line": 70, "column": 8 },
        "end": { "line": 70, "column": 32 }
      },
      "36": {
        "start": { "line": 71, "column": 8 },
        "end": { "line": 71, "column": 62 }
      },
      "37": {
        "start": { "line": 72, "column": 8 },
        "end": { "line": 72, "column": 44 }
      },
      "38": {
        "start": { "line": 74, "column": 8 },
        "end": { "line": 74, "column": 59 }
      },
      "39": {
        "start": { "line": 75, "column": 8 },
        "end": { "line": 75, "column": 66 }
      },
      "40": {
        "start": { "line": 75, "column": 42 },
        "end": { "line": 75, "column": 64 }
      },
      "41": {
        "start": { "line": 76, "column": 8 },
        "end": { "line": 76, "column": 32 }
      },
      "42": {
        "start": { "line": 77, "column": 8 },
        "end": { "line": 77, "column": 40 }
      },
      "43": {
        "start": { "line": 78, "column": 8 },
        "end": { "line": 78, "column": 37 }
      },
      "44": {
        "start": { "line": 80, "column": 8 },
        "end": { "line": 80, "column": 29 }
      },
      "45": {
        "start": { "line": 83, "column": 4 },
        "end": { "line": 83, "column": 33 }
      }
    },
    "fnMap": {
      "0": {
        "name": "(anonymous_0)",
        "decl": {
          "start": { "line": 16, "column": 17 },
          "end": { "line": 16, "column": 18 }
        },
        "loc": {
          "start": { "line": 16, "column": 29 },
          "end": { "line": 24, "column": 1 }
        },
        "line": 16
      },
      "1": {
        "name": "(anonymous_1)",
        "decl": {
          "start": { "line": 27, "column": 2 },
          "end": { "line": 27, "column": 3 }
        },
        "loc": {
          "start": { "line": 27, "column": 20 },
          "end": { "line": 33, "column": 3 }
        },
        "line": 27
      },
      "2": {
        "name": "(anonymous_2)",
        "decl": {
          "start": { "line": 34, "column": 2 },
          "end": { "line": 34, "column": 3 }
        },
        "loc": {
          "start": { "line": 34, "column": 13 },
          "end": { "line": 34, "column": 34 }
        },
        "line": 34
      },
      "3": {
        "name": "(anonymous_3)",
        "decl": {
          "start": { "line": 41, "column": 2 },
          "end": { "line": 41, "column": 3 }
        },
        "loc": {
          "start": { "line": 41, "column": 16 },
          "end": { "line": 41, "column": 24 }
        },
        "line": 41
      },
      "4": {
        "name": "(anonymous_4)",
        "decl": {
          "start": { "line": 42, "column": 2 },
          "end": { "line": 42, "column": 3 }
        },
        "loc": {
          "start": { "line": 42, "column": 19 },
          "end": { "line": 84, "column": 3 }
        },
        "line": 42
      },
      "5": {
        "name": "(anonymous_5)",
        "decl": {
          "start": { "line": 50, "column": 27 },
          "end": { "line": 50, "column": 28 }
        },
        "loc": {
          "start": { "line": 50, "column": 48 },
          "end": { "line": 52, "column": 9 }
        },
        "line": 50
      },
      "6": {
        "name": "(anonymous_6)",
        "decl": {
          "start": { "line": 53, "column": 16 },
          "end": { "line": 53, "column": 17 }
        },
        "loc": {
          "start": { "line": 53, "column": 27 },
          "end": { "line": 56, "column": 11 }
        },
        "line": 53
      },
      "7": {
        "name": "(anonymous_7)",
        "decl": {
          "start": { "line": 57, "column": 17 },
          "end": { "line": 57, "column": 18 }
        },
        "loc": {
          "start": { "line": 57, "column": 26 },
          "end": { "line": 57, "column": 47 }
        },
        "line": 57
      },
      "8": {
        "name": "(anonymous_8)",
        "decl": {
          "start": { "line": 69, "column": 35 },
          "end": { "line": 69, "column": 36 }
        },
        "loc": {
          "start": { "line": 69, "column": 42 },
          "end": { "line": 69, "column": 61 }
        },
        "line": 69
      },
      "9": {
        "name": "(anonymous_9)",
        "decl": {
          "start": { "line": 75, "column": 35 },
          "end": { "line": 75, "column": 36 }
        },
        "loc": {
          "start": { "line": 75, "column": 42 },
          "end": { "line": 75, "column": 64 }
        },
        "line": 75
      }
    },
    "branchMap": {
      "0": {
        "loc": {
          "start": { "line": 8, "column": 4 },
          "end": { "line": 10, "column": 37 }
        },
        "type": "cond-expr",
        "locations": [
          {
            "start": { "line": 9, "column": 8 },
            "end": { "line": 9, "column": 41 }
          },
          {
            "start": { "line": 10, "column": 8 },
            "end": { "line": 10, "column": 37 }
          }
        ],
        "line": 8
      },
      "1": {
        "loc": {
          "start": { "line": 29, "column": 4 },
          "end": { "line": 31, "column": 5 }
        },
        "type": "if",
        "locations": [
          {
            "start": { "line": 29, "column": 4 },
            "end": { "line": 31, "column": 5 }
          },
          { "start": {}, "end": {} }
        ],
        "line": 29
      },
      "2": {
        "loc": {
          "start": { "line": 44, "column": 4 },
          "end": { "line": 82, "column": 5 }
        },
        "type": "if",
        "locations": [
          {
            "start": { "line": 44, "column": 4 },
            "end": { "line": 82, "column": 5 }
          },
          { "start": {}, "end": {} }
        ],
        "line": 44
      },
      "3": {
        "loc": {
          "start": { "line": 45, "column": 6 },
          "end": { "line": 47, "column": 29 }
        },
        "type": "binary-expr",
        "locations": [
          {
            "start": { "line": 45, "column": 6 },
            "end": { "line": 45, "column": 20 }
          },
          {
            "start": { "line": 46, "column": 6 },
            "end": { "line": 46, "column": 35 }
          },
          {
            "start": { "line": 47, "column": 6 },
            "end": { "line": 47, "column": 29 }
          }
        ],
        "line": 45
      },
      "4": {
        "loc": {
          "start": { "line": 49, "column": 6 },
          "end": { "line": 58, "column": 7 }
        },
        "type": "if",
        "locations": [
          {
            "start": { "line": 49, "column": 6 },
            "end": { "line": 58, "column": 7 }
          },
          { "start": {}, "end": {} }
        ],
        "line": 49
      },
      "5": {
        "loc": {
          "start": { "line": 64, "column": 8 },
          "end": { "line": 68, "column": 9 }
        },
        "type": "if",
        "locations": [
          {
            "start": { "line": 64, "column": 8 },
            "end": { "line": 68, "column": 9 }
          },
          { "start": {}, "end": {} }
        ],
        "line": 64
      }
    },
    "s": {
      "0": 1,
      "1": 1,
      "2": 0,
      "3": 0,
      "4": 0,
      "5": 0,
      "6": 0,
      "7": 1,
      "8": 0,
      "9": 0,
      "10": 0,
      "11": 0,
      "12": 0,
      "13": 1,
      "14": 1,
      "15": 1,
      "16": 0,
      "17": 0,
      "18": 0,
      "19": 0,
      "20": 0,
      "21": 0,
      "22": 0,
      "23": 0,
      "24": 0,
      "25": 0,
      "26": 0,
      "27": 0,
      "28": 0,
      "29": 0,
      "30": 0,
      "31": 0,
      "32": 0,
      "33": 0,
      "34": 0,
      "35": 0,
      "36": 0,
      "37": 0,
      "38": 0,
      "39": 0,
      "40": 0,
      "41": 0,
      "42": 0,
      "43": 0,
      "44": 0,
      "45": 0
    },
    "f": {
      "0": 0,
      "1": 0,
      "2": 0,
      "3": 0,
      "4": 0,
      "5": 0,
      "6": 0,
      "7": 0,
      "8": 0,
      "9": 0
    },
    "b": {
      "0": [0, 1],
      "1": [0, 0],
      "2": [0, 0],
      "3": [0, 0, 0],
      "4": [0, 0],
      "5": [0, 0]
    },
    "_coverageSchema": "1a1c01bbd47fc00a2c39e90264f33305004495a9",
    "hash": "3ebb3a1cf092a4e5dd1151d4b0cd0b88496fdc45"
  },
  "/Users/yashrangucha/webapp/src/services/requestServices.js": {
    "path": "/Users/yashrangucha/webapp/src/services/requestServices.js",
    "statementMap": {
      "0": {
        "start": { "line": 4, "column": 29 },
        "end": { "line": 7, "column": 1 }
      },
      "1": {
        "start": { "line": 5, "column": 19 },
        "end": { "line": 5, "column": 92 }
      },
      "2": {
        "start": { "line": 6, "column": 2 },
        "end": { "line": 6, "column": 23 }
      },
      "3": {
        "start": { "line": 8, "column": 33 },
        "end": { "line": 11, "column": 1 }
      },
      "4": {
        "start": { "line": 9, "column": 19 },
        "end": { "line": 9, "column": 96 }
      },
      "5": {
        "start": { "line": 10, "column": 2 },
        "end": { "line": 10, "column": 23 }
      },
      "6": {
        "start": { "line": 12, "column": 34 },
        "end": { "line": 15, "column": 1 }
      },
      "7": {
        "start": { "line": 13, "column": 19 },
        "end": { "line": 13, "column": 97 }
      },
      "8": {
        "start": { "line": 14, "column": 2 },
        "end": { "line": 14, "column": 23 }
      },
      "9": {
        "start": { "line": 18, "column": 30 },
        "end": { "line": 21, "column": 1 }
      },
      "10": {
        "start": { "line": 19, "column": 19 },
        "end": { "line": 19, "column": 101 }
      },
      "11": {
        "start": { "line": 20, "column": 2 },
        "end": { "line": 20, "column": 23 }
      },
      "12": {
        "start": { "line": 22, "column": 27 },
        "end": { "line": 25, "column": 1 }
      },
      "13": {
        "start": { "line": 23, "column": 19 },
        "end": { "line": 23, "column": 64 }
      },
      "14": {
        "start": { "line": 24, "column": 2 },
        "end": { "line": 24, "column": 23 }
      },
      "15": {
        "start": { "line": 27, "column": 30 },
        "end": { "line": 30, "column": 1 }
      },
      "16": {
        "start": { "line": 28, "column": 19 },
        "end": { "line": 28, "column": 69 }
      },
      "17": {
        "start": { "line": 29, "column": 2 },
        "end": { "line": 29, "column": 23 }
      },
      "18": {
        "start": { "line": 32, "column": 29 },
        "end": { "line": 35, "column": 1 }
      },
      "19": {
        "start": { "line": 33, "column": 19 },
        "end": { "line": 33, "column": 73 }
      },
      "20": {
        "start": { "line": 34, "column": 2 },
        "end": { "line": 34, "column": 23 }
      },
      "21": {
        "start": { "line": 37, "column": 39 },
        "end": { "line": 40, "column": 1 }
      },
      "22": {
        "start": { "line": 38, "column": 19 },
        "end": { "line": 38, "column": 65 }
      },
      "23": {
        "start": { "line": 39, "column": 2 },
        "end": { "line": 39, "column": 23 }
      },
      "24": {
        "start": { "line": 42, "column": 33 },
        "end": { "line": 45, "column": 1 }
      },
      "25": {
        "start": { "line": 43, "column": 19 },
        "end": { "line": 43, "column": 72 }
      },
      "26": {
        "start": { "line": 44, "column": 2 },
        "end": { "line": 44, "column": 23 }
      },
      "27": {
        "start": { "line": 47, "column": 33 },
        "end": { "line": 50, "column": 1 }
      },
      "28": {
        "start": { "line": 48, "column": 19 },
        "end": { "line": 48, "column": 61 }
      },
      "29": {
        "start": { "line": 49, "column": 2 },
        "end": { "line": 49, "column": 23 }
      },
      "30": {
        "start": { "line": 52, "column": 31 },
        "end": { "line": 55, "column": 1 }
      },
      "31": {
        "start": { "line": 53, "column": 19 },
        "end": { "line": 53, "column": 69 }
      },
      "32": {
        "start": { "line": 54, "column": 2 },
        "end": { "line": 54, "column": 23 }
      }
    },
    "fnMap": {
      "0": {
        "name": "(anonymous_0)",
        "decl": {
          "start": { "line": 4, "column": 29 },
          "end": { "line": 4, "column": 30 }
        },
        "loc": {
          "start": { "line": 4, "column": 61 },
          "end": { "line": 7, "column": 1 }
        },
        "line": 4
      },
      "1": {
        "name": "(anonymous_1)",
        "decl": {
          "start": { "line": 8, "column": 33 },
          "end": { "line": 8, "column": 34 }
        },
        "loc": {
          "start": { "line": 8, "column": 65 },
          "end": { "line": 11, "column": 1 }
        },
        "line": 8
      },
      "2": {
        "name": "(anonymous_2)",
        "decl": {
          "start": { "line": 12, "column": 34 },
          "end": { "line": 12, "column": 35 }
        },
        "loc": {
          "start": { "line": 12, "column": 66 },
          "end": { "line": 15, "column": 1 }
        },
        "line": 12
      },
      "3": {
        "name": "(anonymous_3)",
        "decl": {
          "start": { "line": 18, "column": 30 },
          "end": { "line": 18, "column": 31 }
        },
        "loc": {
          "start": { "line": 18, "column": 62 },
          "end": { "line": 21, "column": 1 }
        },
        "line": 18
      },
      "4": {
        "name": "(anonymous_4)",
        "decl": {
          "start": { "line": 22, "column": 27 },
          "end": { "line": 22, "column": 28 }
        },
        "loc": {
          "start": { "line": 22, "column": 39 },
          "end": { "line": 25, "column": 1 }
        },
        "line": 22
      },
      "5": {
        "name": "(anonymous_5)",
        "decl": {
          "start": { "line": 27, "column": 30 },
          "end": { "line": 27, "column": 31 }
        },
        "loc": {
          "start": { "line": 27, "column": 49 },
          "end": { "line": 30, "column": 1 }
        },
        "line": 27
      },
      "6": {
        "name": "(anonymous_6)",
        "decl": {
          "start": { "line": 32, "column": 29 },
          "end": { "line": 32, "column": 30 }
        },
        "loc": {
          "start": { "line": 32, "column": 48 },
          "end": { "line": 35, "column": 1 }
        },
        "line": 32
      },
      "7": {
        "name": "(anonymous_7)",
        "decl": {
          "start": { "line": 37, "column": 39 },
          "end": { "line": 37, "column": 40 }
        },
        "loc": {
          "start": { "line": 37, "column": 51 },
          "end": { "line": 40, "column": 1 }
        },
        "line": 37
      },
      "8": {
        "name": "(anonymous_8)",
        "decl": {
          "start": { "line": 42, "column": 33 },
          "end": { "line": 42, "column": 34 }
        },
        "loc": {
          "start": { "line": 42, "column": 52 },
          "end": { "line": 45, "column": 1 }
        },
        "line": 42
      },
      "9": {
        "name": "(anonymous_9)",
        "decl": {
          "start": { "line": 47, "column": 33 },
          "end": { "line": 47, "column": 34 }
        },
        "loc": {
          "start": { "line": 47, "column": 45 },
          "end": { "line": 50, "column": 1 }
        },
        "line": 47
      },
      "10": {
        "name": "(anonymous_10)",
        "decl": {
          "start": { "line": 52, "column": 31 },
          "end": { "line": 52, "column": 32 }
        },
        "loc": {
          "start": { "line": 52, "column": 50 },
          "end": { "line": 55, "column": 1 }
        },
        "line": 52
      }
    },
    "branchMap": {
      "0": {
        "loc": {
          "start": { "line": 4, "column": 36 },
          "end": { "line": 4, "column": 44 }
        },
        "type": "default-arg",
        "locations": [
          {
            "start": { "line": 4, "column": 43 },
            "end": { "line": 4, "column": 44 }
          }
        ],
        "line": 4
      },
      "1": {
        "loc": {
          "start": { "line": 4, "column": 46 },
          "end": { "line": 4, "column": 56 }
        },
        "type": "default-arg",
        "locations": [
          {
            "start": { "line": 4, "column": 54 },
            "end": { "line": 4, "column": 56 }
          }
        ],
        "line": 4
      },
      "2": {
        "loc": {
          "start": { "line": 8, "column": 40 },
          "end": { "line": 8, "column": 48 }
        },
        "type": "default-arg",
        "locations": [
          {
            "start": { "line": 8, "column": 47 },
            "end": { "line": 8, "column": 48 }
          }
        ],
        "line": 8
      },
      "3": {
        "loc": {
          "start": { "line": 8, "column": 50 },
          "end": { "line": 8, "column": 60 }
        },
        "type": "default-arg",
        "locations": [
          {
            "start": { "line": 8, "column": 58 },
            "end": { "line": 8, "column": 60 }
          }
        ],
        "line": 8
      },
      "4": {
        "loc": {
          "start": { "line": 12, "column": 41 },
          "end": { "line": 12, "column": 49 }
        },
        "type": "default-arg",
        "locations": [
          {
            "start": { "line": 12, "column": 48 },
            "end": { "line": 12, "column": 49 }
          }
        ],
        "line": 12
      },
      "5": {
        "loc": {
          "start": { "line": 12, "column": 51 },
          "end": { "line": 12, "column": 61 }
        },
        "type": "default-arg",
        "locations": [
          {
            "start": { "line": 12, "column": 59 },
            "end": { "line": 12, "column": 61 }
          }
        ],
        "line": 12
      },
      "6": {
        "loc": {
          "start": { "line": 18, "column": 37 },
          "end": { "line": 18, "column": 45 }
        },
        "type": "default-arg",
        "locations": [
          {
            "start": { "line": 18, "column": 44 },
            "end": { "line": 18, "column": 45 }
          }
        ],
        "line": 18
      },
      "7": {
        "loc": {
          "start": { "line": 18, "column": 47 },
          "end": { "line": 18, "column": 57 }
        },
        "type": "default-arg",
        "locations": [
          {
            "start": { "line": 18, "column": 55 },
            "end": { "line": 18, "column": 57 }
          }
        ],
        "line": 18
      }
    },
    "s": {
      "0": 1,
      "1": 0,
      "2": 0,
      "3": 1,
      "4": 0,
      "5": 0,
      "6": 1,
      "7": 0,
      "8": 0,
      "9": 1,
      "10": 0,
      "11": 0,
      "12": 1,
      "13": 0,
      "14": 0,
      "15": 1,
      "16": 0,
      "17": 0,
      "18": 1,
      "19": 0,
      "20": 0,
      "21": 1,
      "22": 0,
      "23": 0,
      "24": 1,
      "25": 0,
      "26": 0,
      "27": 1,
      "28": 0,
      "29": 0,
      "30": 1,
      "31": 0,
      "32": 0
    },
    "f": {
      "0": 0,
      "1": 0,
      "2": 0,
      "3": 0,
      "4": 0,
      "5": 0,
      "6": 0,
      "7": 0,
      "8": 0,
      "9": 0,
      "10": 0
    },
    "b": {
      "0": [0],
      "1": [0],
      "2": [0],
      "3": [0],
      "4": [0],
      "5": [0],
      "6": [0],
      "7": [0]
    },
    "_coverageSchema": "1a1c01bbd47fc00a2c39e90264f33305004495a9",
    "hash": "d9426f2c916a563c3910e8e8b277a7dcbe37053f"
  }
}
